<?xml version="1.0" encoding="UTF-8"?>
<!-- Generated by org.testng.reporters.JUnitXMLReporter -->
<testsuite ignored="0" hostname="Wiltons-MacBook-Pro.local" failures="1" tests="1" name="Surefire test" time="9.891" errors="0" timestamp="2025-03-23T01:09:24 WIB">
  <testcase classname="io.cucumber.testng.AbstractTestNGCucumberTests" name="runScenario" time="9.584">
    <failure type="io.cucumber.testng.UndefinedStepException" message="The step &amp;apos;User can see product detail page with &amp;quot;Sauce Lab Back Packs&amp;quot; selected&amp;apos; and 6 other step(s) are undefined.
You can implement these steps using the snippet(s) below:

@Then(&amp;quot;User can see product detail page with {string} selected&amp;quot;)
public void user_can_see_product_detail_page_with_selected(String string) {
    // Write code here that turns the phrase above into concrete actions
    throw new io.cucumber.java.PendingException();
}
@When(&amp;quot;User adds {string} items&amp;quot;)
public void user_adds_items(String string) {
    // Write code here that turns the phrase above into concrete actions
    throw new io.cucumber.java.PendingException();
}
@Then(&amp;quot;User can see {string} products namely {string} with {string} and total price at {string} at cart page&amp;quot;)
public void user_can_see_products_namely_with_and_total_price_at_at_cart_page(String string, String string2, String string3, String string4) {
    // Write code here that turns the phrase above into concrete actions
    throw new io.cucumber.java.PendingException();
}
@When(&amp;quot;User adds buyer details&amp;quot;)
public void user_adds_buyer_details() {
    // Write code here that turns the phrase above into concrete actions
    throw new io.cucumber.java.PendingException();
}
@Then(&amp;quot;User can see shipping address with DHL service fee&amp;quot;)
public void user_can_see_shipping_address_with_dhl_service_fee() {
    // Write code here that turns the phrase above into concrete actions
    throw new io.cucumber.java.PendingException();
}
@When(&amp;quot;User places order&amp;quot;)
public void user_places_order() {
    // Write code here that turns the phrase above into concrete actions
    throw new io.cucumber.java.PendingException();
}
@Then(&amp;quot;Success checkout page is displayed&amp;quot;)
public void success_checkout_page_is_displayed() {
    // Write code here that turns the phrase above into concrete actions
    throw new io.cucumber.java.PendingException();
}
">
      <![CDATA[io.cucumber.testng.UndefinedStepException: The step 'User can see product detail page with "Sauce Lab Back Packs" selected' and 6 other step(s) are undefined.
You can implement these steps using the snippet(s) below:

@Then("User can see product detail page with {string} selected")
public void user_can_see_product_detail_page_with_selected(String string) {
    // Write code here that turns the phrase above into concrete actions
    throw new io.cucumber.java.PendingException();
}
@When("User adds {string} items")
public void user_adds_items(String string) {
    // Write code here that turns the phrase above into concrete actions
    throw new io.cucumber.java.PendingException();
}
@Then("User can see {string} products namely {string} with {string} and total price at {string} at cart page")
public void user_can_see_products_namely_with_and_total_price_at_at_cart_page(String string, String string2, String string3, String string4) {
    // Write code here that turns the phrase above into concrete actions
    throw new io.cucumber.java.PendingException();
}
@When("User adds buyer details")
public void user_adds_buyer_details() {
    // Write code here that turns the phrase above into concrete actions
    throw new io.cucumber.java.PendingException();
}
@Then("User can see shipping address with DHL service fee")
public void user_can_see_shipping_address_with_dhl_service_fee() {
    // Write code here that turns the phrase above into concrete actions
    throw new io.cucumber.java.PendingException();
}
@When("User places order")
public void user_places_order() {
    // Write code here that turns the phrase above into concrete actions
    throw new io.cucumber.java.PendingException();
}
@Then("Success checkout page is displayed")
public void success_checkout_page_is_displayed() {
    // Write code here that turns the phrase above into concrete actions
    throw new io.cucumber.java.PendingException();
}

at io.cucumber.core.runtime.TestCaseResultObserver.assertTestCasePassed(TestCaseResultObserver.java:69)
at io.cucumber.testng.TestCaseResultObserver.assertTestCasePassed(TestCaseResultObserver.java:23)
at io.cucumber.testng.TestNGCucumberRunner.lambda$runScenario$1(TestNGCucumberRunner.java:133)
at io.cucumber.core.runtime.CucumberExecutionContext.lambda$runTestCase$5(CucumberExecutionContext.java:137)
at io.cucumber.core.runtime.RethrowingThrowableCollector.executeAndThrow(RethrowingThrowableCollector.java:23)
at io.cucumber.core.runtime.CucumberExecutionContext.runTestCase(CucumberExecutionContext.java:137)
at io.cucumber.testng.TestNGCucumberRunner.runScenario(TestNGCucumberRunner.java:129)
at io.cucumber.testng.AbstractTestNGCucumberTests.runScenario(AbstractTestNGCucumberTests.java:35)
at java.base/java.util.ArrayList.forEach(ArrayList.java:1541)
... Removed 32 stack frames]]>
    </failure>
  </testcase> <!-- runScenario -->
</testsuite> <!-- Surefire test -->
